<Data>
    <Record>
        <user>JohnDoe</user>
        <dateCreated>1698412800</dateCreated>
        <dateSubmitted>1698499200</dateSubmitted>
        <assetName>AssetA</assetName>
        <location>HQ</location>
        <status>Pending</status>
        <jsonHash>hash123</jsonHash>
        <localId>local123</localId>
        <fileName>fileA.txt</fileName>
        <fnumbers>
            <fNumber>FN001</fNumber>
            <scanTime>2024-12-05T08:00:00Z</scanTime>
        </fnumbers>
        <fnumbers>
            <fNumber>FN002</fNumber>
            <scanTime>2024-12-05T08:30:00Z</scanTime>
        </fnumbers>
    </Record>
    <Record>
        <user>JaneSmith</user>
        <dateCreated>1698412900</dateCreated>
        <dateSubmitted>1698499300</dateSubmitted>
        <assetName>AssetB</assetName>
        <location>Branch1</location>
        <status>Approved</status>
        <jsonHash>hash456</jsonHash>
        <localId>local456</localId>
        <fileName>fileB.txt</fileName>
        <fnumbers>
            <fNumber>FN003</fNumber>
            <scanTime>2024-12-05T09:00:00Z</scanTime>
        </fnumbers>
        <fnumbers>
            <fNumber>FN004</fNumber>
            <scanTime>2024-12-05T09:30:00Z</scanTime>
        </fnumbers>
    </Record>
    <Record>
        <user>AliceJohnson</user>
        <dateCreated>1698413000</dateCreated>
        <dateSubmitted>1698499400</dateSubmitted>
        <assetName>.</assetName>
        <location>HQ</location>
        <status>Rejected</status>
        <jsonHash>hash789</jsonHash>
        <localId></localId>
        <fileName>fileC.txt</fileName>
        <fnumbers>
            <fNumber>FN005</fNumber>
            <scanTime>2024-12-05T10:00:00Z</scanTime>
        </fnumbers>
        <fnumbers>
            <fNumber>FN006</fNumber>
            <scanTime>2024-12-05T10:30:00Z</scanTime>
        </fnumbers>
    </Record>
    <Record>
        <user>RobertBrown</user>
        <dateCreated>1698413100</dateCreated>
        <dateSubmitted>1698499500</dateSubmitted>
        <assetName>AssetD</assetName>
        <location>Branch2</location>
        <status>Pending</status>
        <jsonHash>hash101</jsonHash>
        <localId>local789</localId>
        <fileName>fileD.txt</fileName>
        <fnumbers>
            <fNumber>FN007</fNumber>
            <scanTime>2024-12-05T11:00:00Z</scanTime>
        </fnumbers>
        <fnumbers>
            <fNumber>FN008</fNumber>
            <scanTime>2024-12-05T11:30:00Z</scanTime>
        </fnumbers>
    </Record>
    <Record>
        <user>EmilyDavis</user>
        <dateCreated>1698413200</dateCreated>
        <dateSubmitted>1698499600</dateSubmitted>
        <assetName>AssetE</assetName>
        <location>HQ</location>
        <status>Pending</status>
        <jsonHash>hash202</jsonHash>
        <localId></localId>
        <fileName>fileE.txt</fileName>
        <fnumbers>
            <fNumber>FN009</fNumber>
            <scanTime>2024-12-05T12:00:00Z</scanTime>
        </fnumbers>
        <fnumbers>
            <fNumber>FN010</fNumber>
            <scanTime>2024-12-05T12:30:00Z</scanTime>
        </fnumbers>
    </Record>
    <Record>
        <user>ChrisTaylor</user>
        <dateCreated>1698413300</dateCreated>
        <dateSubmitted>1698499700</dateSubmitted>
        <assetName>AssetF</assetName>
        <location>Branch3</location>
        <status>Approved</status>
        <jsonHash>hash303</jsonHash>
        <localId>local321</localId>
        <fileName>fileF.txt</fileName>
        <fnumbers>
            <fNumber>FN011</fNumber>
            <scanTime>2024-12-05T13:00:00Z</scanTime>
        </fnumbers>
        <fnumbers>
            <fNumber>FN012</fNumber>
            <scanTime>2024-12-05T13:30:00Z</scanTime>
        </fnumbers>
    </Record>
    <Record>
        <user>SaraWhite</user>
        <dateCreated>1698413400</dateCreated>
        <dateSubmitted>1698499800</dateSubmitted>
        <assetName>AssetG</assetName>
        <location>HQ</location>
        <status>Rejected</status>
        <jsonHash>hash404</jsonHash>
        <localId></localId>
        <fileName>fileG.txt</fileName>
        <fnumbers>
            <fNumber>FN013</fNumber>
            <scanTime>2024-12-05T14:00:00Z</scanTime>
        </fnumbers>
        <fnumbers>
            <fNumber>FN014</fNumber>
            <scanTime>2024-12-05T14:30:00Z</scanTime>
        </fnumbers>
    </Record>
    <Record>
        <user>MichaelBrown</user>
        <dateCreated>1698413500</dateCreated>
        <dateSubmitted>1698499900</dateSubmitted>
        <assetName>.</assetName>
        <location>Branch4</location>
        <status>Pending</status>
        <jsonHash>hash505</jsonHash>
        <localId></localId>
        <fileName>fileH.txt</fileName>
        <fnumbers>
            <fNumber>FN015</fNumber>
            <scanTime>2024-12-05T15:00:00Z</scanTime>
        </fnumbers>
        <fnumbers>
            <fNumber>FN016</fNumber>
            <scanTime>2024-12-05T15:30:00Z</scanTime>
        </fnumbers>
    </Record>
    <Record>
        <user>LindaJones</user>
        <dateCreated>1698413600</dateCreated>
        <dateSubmitted>1698500000</dateSubmitted>
        <assetName>AssetH</assetName>
        <location>HQ</location>
        <status>Approved</status>
        <jsonHash>hash606</jsonHash>
        <localId>local654</localId>
        <fileName>fileI.txt</fileName>
        <fnumbers>
            <fNumber>FN017</fNumber>
            <scanTime>2024-12-05T16:00:00Z</scanTime>
        </fnumbers>
        <fnumbers>
            <fNumber>FN018</fNumber>
            <scanTime>2024-12-05T16:30:00Z</scanTime>
        </fnumbers>
    </Record>
    <Record>
        <user>KevinWilson</user>
        <dateCreated>1698413700</dateCreated>
        <dateSubmitted>1698500100</dateSubmitted>
        <assetName>AssetI</assetName>
        <location>Branch5</location>
        <status>Pending</status>
        <jsonHash>hash707</jsonHash>
        <localId>local987</localId>
        <fileName>fileJ.txt</fileName>
        <fnumbers>
            <fNumber>FN019</fNumber>
            <scanTime>2024-12-05T17:00:00Z</scanTime>
        </fnumbers>
        <fnumbers>
            <fNumber>FN020</fNumber>
            <scanTime>2024-12-05T17:30:00Z</scanTime>
        </fnumbers>
    </Record>
</Data>
