<Data>
    <Record>
        <RecordData>
            <security_org>John Doe</security_org>
        </RecordData>
    </Record>
    <Record>
        <RecordData>
            <security_org>Jane Smith</security_org>
        </RecordData>
    </Record>
    <Record>
        <RecordData>
            <security_org>Alice Johnson</security_org>
        </RecordData>
    </Record>
</Data>
